<?xml version="1.0" encoding="UTF-8"?>
<testng-results skipped="0" failed="0" ignored="0" total="2" passed="2">
  <reporter-output>
  </reporter-output>
  <suite name="Suite" duration-ms="461" started-at="2020-08-31T08:35:47Z" finished-at="2020-08-31T08:35:47Z">
    <groups>
    </groups>
    <test name="Test" duration-ms="461" started-at="2020-08-31T08:35:47Z" finished-at="2020-08-31T08:35:47Z">
      <class name="MethodParallelExecution">
        <test-method status="PASS" signature="testTwo()[pri:0, instance:MethodParallelExecution@fc185]" name="testTwo" duration-ms="311" started-at="2020-08-31T08:35:47Z" finished-at="2020-08-31T08:35:47Z">
          <reporter-output>
          </reporter-output>
        </test-method> <!-- testTwo -->
        <test-method status="PASS" signature="testOne()[pri:0, instance:MethodParallelExecution@fc185]" name="testOne" duration-ms="293" started-at="2020-08-31T08:35:47Z" finished-at="2020-08-31T08:35:47Z">
          <reporter-output>
          </reporter-output>
        </test-method> <!-- testOne -->
      </class> <!-- MethodParallelExecution -->
    </test> <!-- Test -->
  </suite> <!-- Suite -->
</testng-results>
